<?xml version="1.0" encoding="utf-8"?><testsuites name="pytest tests"><testsuite name="pytest" errors="0" failures="1" skipped="0" tests="29" time="2.807" timestamp="2026-08-05T02:32:21.382058+00:00" hostname="agent-env-0a6a0f47-80cd-4b15-bdc1-94f0ce3ed56e"><testcase classname="tests.test_website_iter1_smoke" name="test_route_returns_200[/]" time="0.190" /><testcase classname="tests.test_website_iter1_smoke" name="test_route_returns_200[/exams]" time="0.081" /><testcase classname="tests.test_website_iter1_smoke" name="test_route_returns_200[/courses]" time="0.155" /><testcase classname="tests.test_website_iter1_smoke" name="test_route_returns_200[/live-courses]" time="0.106" /><testcase classname="tests.test_website_iter1_smoke" name="test_route_returns_200[/current-affairs]" time="0.073" /><testcase classname="tests.test_website_iter1_smoke" name="test_route_returns_200[/testimonials]" time="0.074" /><testcase classname="tests.test_website_iter1_smoke" name="test_route_returns_200[/results]" time="0.072" /><testcase classname="tests.test_website_iter1_smoke" name="test_route_returns_200[/faqs]" time="0.070" /><testcase classname="tests.test_website_iter1_smoke" name="test_route_returns_200[/centres]" time="0.077" /><testcase classname="tests.test_website_iter1_smoke" name="test_route_returns_200[/franchise]" time="0.081" /><testcase classname="tests.test_website_iter1_smoke" name="test_route_returns_200[/contact]" time="0.065" /><testcase classname="tests.test_website_iter1_smoke" name="test_route_returns_200[/sitemap.xml]" time="0.015" /><testcase classname="tests.test_website_iter1_smoke" name="test_route_returns_200[/robots.txt]" time="0.011" /><testcase classname="tests.test_website_iter1_smoke" name="test_route_returns_200[/about]" time="0.077" /><testcase classname="tests.test_website_iter1_smoke" name="test_route_returns_200[/courses/vc-ibps-po-2026]" time="0.102" /><testcase classname="tests.test_website_iter1_smoke" name="test_route_returns_200[/live-courses/lc-banking-po-2026]" time="0.099" /><testcase classname="tests.test_website_iter1_smoke" name="test_nonexistent_returns_404" time="0.100" /><testcase classname="tests.test_website_iter1_smoke" name="test_home_hero_matches_first_banner" time="0.136" /><testcase classname="tests.test_website_iter1_smoke" name="test_home_has_at_least_six_video_courses" time="0.123" /><testcase classname="tests.test_website_iter1_smoke" name="test_home_has_at_least_three_live_batches_with_live_badge" time="0.127" /><testcase classname="tests.test_website_iter1_smoke" name="test_home_shows_seeded_students" time="0.120" /><testcase classname="tests.test_website_iter1_smoke" name="test_course_detail_seo_matches_product" time="0.093" /><testcase classname="tests.test_website_iter1_smoke" name="test_sitemap_static_urls" time="0.014" /><testcase classname="tests.test_website_iter1_smoke" name="test_sitemap_includes_product_detail" time="0.011"><failure message="AssertionError: sitemap missing product detail URL&#10;assert '/courses/vc-ibps-po-2026' in '&lt;?xml version=&quot;1.0&quot; encoding=&quot;UTF-8&quot;?&gt;\n&lt;urlset xmlns=&quot;http://www.sitemaps.org/schemas/sitemap/0.9&quot;&gt;\n&lt;url&gt;\n&lt;loc&gt;https://avision.co.in/&lt;/loc&gt;\n&lt;lastmod&gt;2026-08-05T02:32:23.727Z&lt;/lastmod&gt;\n&lt;changefreq&gt;daily&lt;/changefreq&gt;\n&lt;priority&gt;1&lt;/priority&gt;\n&lt;/url&gt;\n&lt;url&gt;\n&lt;loc&gt;https://avision.co.in/exams&lt;/loc&gt;\n&lt;changefreq&gt;weekly&lt;/changefreq&gt;\n&lt;priority&gt;0.9&lt;/priority&gt;\n&lt;/url&gt;\n&lt;url&gt;\n&lt;loc&gt;https://avision.co.in/courses&lt;/loc&gt;\n&lt;changefreq&gt;daily&lt;/changefreq&gt;\n&lt;priority&gt;0.9&lt;/priority&gt;\n&lt;/url&gt;\n&lt;url&gt;\n&lt;loc&gt;https://avision.co.in/live-courses&lt;/loc&gt;\n&lt;changefreq&gt;daily&lt;/changefreq&gt;\n&lt;priority&gt;0.9&lt;/priority&gt;\n&lt;/url&gt;\n&lt;url&gt;\n&lt;loc&gt;https://avision.co.in/current-affairs&lt;/loc&gt;\n&lt;changefreq&gt;daily&lt;/changefreq&gt;\n&lt;priority&gt;0.8&lt;/priority&gt;\n&lt;/url&gt;\n&lt;url&gt;\n&lt;loc&gt;https://avision.co.in/testimonials&lt;/loc&gt;\n&lt;changefreq&gt;weekly&lt;/changefreq&gt;\n&lt;priority&gt;0.6&lt;/priority&gt;\n&lt;/url&gt;\n&lt;url&gt;\n&lt;loc&gt;https://avision.co.in/results&lt;/loc&gt;\n&lt;changefreq&gt;weekly&lt;/changefreq&gt;\n&lt;priority&gt;0.7&lt;/priority&gt;\n&lt;/url&gt;\n&lt;url&gt;\n&lt;loc&gt;https://avision.co.in/faqs&lt;/loc&gt;\n&lt;changefreq&gt;monthly&lt;/changefreq&gt;\n&lt;priority&gt;0.5&lt;/priority&gt;\n&lt;/url&gt;\n&lt;url&gt;\n&lt;loc&gt;https://avision.co.in/centres&lt;/loc&gt;\n&lt;changefreq&gt;monthly&lt;/changefreq&gt;\n&lt;priority&gt;0.5&lt;/priority&gt;\n&lt;/url&gt;\n&lt;url&gt;\n&lt;loc&gt;https://avision.co.in/franchise&lt;/loc&gt;\n&lt;changefreq&gt;monthly&lt;/changefreq&gt;\n&lt;priority&gt;0.6&lt;/priority&gt;\n&lt;/url&gt;\n&lt;url&gt;\n&lt;loc&gt;https://avision.co.in/contact&lt;/loc&gt;\n&lt;changefreq&gt;yearly&lt;/changefreq&gt;\n&lt;priority&gt;0.5&lt;/priority&gt;\n&lt;/url&gt;\n&lt;url&gt;\n&lt;loc&gt;https://avision.co.in/current-affairs/union-budget-2026-—-key-highlights-for-banking-aspirants&lt;/loc&gt;\n&lt;changefreq&gt;daily&lt;/changefreq&gt;\n&lt;priority&gt;0.7&lt;/priority&gt;\n&lt;/url&gt;\n&lt;url&gt;\n&lt;loc&gt;https://avision.co.in/test-4ebbd5&lt;/loc&gt;\n&lt;changefreq&gt;weekly&lt;/changefreq&gt;\n&lt;priority&gt;0.6&lt;/priority&gt;\n&lt;/url&gt;\n&lt;url&gt;\n&lt;loc&gt;https://avision.co.in/about&lt;/loc&gt;\n&lt;changefreq&gt;weekly&lt;/changefreq&gt;\n&lt;priority&gt;0.6&lt;/priority&gt;\n&lt;/url&gt;\n&lt;/urlset&gt;\n'">backend/tests/test_website_iter1_smoke.py:82: in test_sitemap_includes_product_detail
    assert "/courses/vc-ibps-po-2026" in xml, "sitemap missing product detail URL"
E   AssertionError: sitemap missing product detail URL
E   assert '/courses/vc-ibps-po-2026' in '&lt;?xml version="1.0" encoding="UTF-8"?&gt;\n&lt;urlset xmlns="http://www.sitemaps.org/schemas/sitemap/0.9"&gt;\n&lt;url&gt;\n&lt;loc&gt;https://avision.co.in/&lt;/loc&gt;\n&lt;lastmod&gt;2026-08-05T02:32:23.727Z&lt;/lastmod&gt;\n&lt;changefreq&gt;daily&lt;/changefreq&gt;\n&lt;priority&gt;1&lt;/priority&gt;\n&lt;/url&gt;\n&lt;url&gt;\n&lt;loc&gt;https://avision.co.in/exams&lt;/loc&gt;\n&lt;changefreq&gt;weekly&lt;/changefreq&gt;\n&lt;priority&gt;0.9&lt;/priority&gt;\n&lt;/url&gt;\n&lt;url&gt;\n&lt;loc&gt;https://avision.co.in/courses&lt;/loc&gt;\n&lt;changefreq&gt;daily&lt;/changefreq&gt;\n&lt;priority&gt;0.9&lt;/priority&gt;\n&lt;/url&gt;\n&lt;url&gt;\n&lt;loc&gt;https://avision.co.in/live-courses&lt;/loc&gt;\n&lt;changefreq&gt;daily&lt;/changefreq&gt;\n&lt;priority&gt;0.9&lt;/priority&gt;\n&lt;/url&gt;\n&lt;url&gt;\n&lt;loc&gt;https://avision.co.in/current-affairs&lt;/loc&gt;\n&lt;changefreq&gt;daily&lt;/changefreq&gt;\n&lt;priority&gt;0.8&lt;/priority&gt;\n&lt;/url&gt;\n&lt;url&gt;\n&lt;loc&gt;https://avision.co.in/testimonials&lt;/loc&gt;\n&lt;changefreq&gt;weekly&lt;/changefreq&gt;\n&lt;priority&gt;0.6&lt;/priority&gt;\n&lt;/url&gt;\n&lt;url&gt;\n&lt;loc&gt;https://avision.co.in/results&lt;/loc&gt;\n&lt;changefreq&gt;weekly&lt;/changefreq&gt;\n&lt;priority&gt;0.7&lt;/priority&gt;\n&lt;/url&gt;\n&lt;url&gt;\n&lt;loc&gt;https://avision.co.in/faqs&lt;/loc&gt;\n&lt;changefreq&gt;monthly&lt;/changefreq&gt;\n&lt;priority&gt;0.5&lt;/priority&gt;\n&lt;/url&gt;\n&lt;url&gt;\n&lt;loc&gt;https://avision.co.in/centres&lt;/loc&gt;\n&lt;changefreq&gt;monthly&lt;/changefreq&gt;\n&lt;priority&gt;0.5&lt;/priority&gt;\n&lt;/url&gt;\n&lt;url&gt;\n&lt;loc&gt;https://avision.co.in/franchise&lt;/loc&gt;\n&lt;changefreq&gt;monthly&lt;/changefreq&gt;\n&lt;priority&gt;0.6&lt;/priority&gt;\n&lt;/url&gt;\n&lt;url&gt;\n&lt;loc&gt;https://avision.co.in/contact&lt;/loc&gt;\n&lt;changefreq&gt;yearly&lt;/changefreq&gt;\n&lt;priority&gt;0.5&lt;/priority&gt;\n&lt;/url&gt;\n&lt;url&gt;\n&lt;loc&gt;https://avision.co.in/current-affairs/union-budget-2026-—-key-highlights-for-banking-aspirants&lt;/loc&gt;\n&lt;changefreq&gt;daily&lt;/changefreq&gt;\n&lt;priority&gt;0.7&lt;/priority&gt;\n&lt;/url&gt;\n&lt;url&gt;\n&lt;loc&gt;https://avision.co.in/test-4ebbd5&lt;/loc&gt;\n&lt;changefreq&gt;weekly&lt;/changefreq&gt;\n&lt;priority&gt;0.6&lt;/priority&gt;\n&lt;/url&gt;\n&lt;url&gt;\n&lt;loc&gt;https://avision.co.in/about&lt;/loc&gt;\n&lt;changefreq&gt;weekly&lt;/changefreq&gt;\n&lt;priority&gt;0.6&lt;/priority&gt;\n&lt;/url&gt;\n&lt;/urlset&gt;\n'</failure></testcase><testcase classname="tests.test_website_iter1_smoke" name="test_sitemap_includes_current_affairs_slug" time="0.016" /><testcase classname="tests.test_website_iter1_smoke" name="test_about_page_uses_cms" time="0.077" /><testcase classname="tests.test_website_iter1_smoke" name="test_contact_form_fields_present" time="0.064" /><testcase classname="tests.test_website_iter1_smoke" name="test_heartbeat_accepts_website_client" time="0.003" /><testcase classname="tests.test_website_iter1_smoke" name="test_system_status_website_connected_after_heartbeat" time="0.233" /></testsuite></testsuites>