<?xml version="1.0" encoding="utf-8"?><testsuites name="pytest tests"><testsuite name="pytest" errors="0" failures="0" skipped="0" tests="20" time="15.804" timestamp="2026-08-04T15:58:36.906358+00:00" hostname="agent-env-0a6a0f47-80cd-4b15-bdc1-94f0ce3ed56e"><testcase classname="tests.test_cms_extended.TestFoundationRegression" name="test_admin_dashboard_ok" time="0.672" /><testcase classname="tests.test_cms_extended.TestExtendedCRUD" name="test_crud_full_cycle[exam_categories_cms-body0]" time="1.240" /><testcase classname="tests.test_cms_extended.TestFoundationRegression" name="test_entitlements_mine_ok" time="0.106" /><testcase classname="tests.test_cms_extended.TestFoundationRegression" name="test_reports_all_range_ok" time="0.516" /><testcase classname="tests.test_cms_extended.TestExtendedCRUD" name="test_crud_full_cycle[exams_cms-body1]" time="0.603" /><testcase classname="tests.test_cms_extended.TestValidation" name="test_missing_required_returns_400" time="0.092" /><testcase classname="tests.test_cms_extended.TestValidation" name="test_unknown_entity_404" time="0.075" /><testcase classname="tests.test_cms_extended.TestValidation" name="test_unknown_report_404" time="0.086" /><testcase classname="tests.test_cms_extended.TestVisibilityFilter" name="test_website_only_hidden_from_app" time="0.530" /><testcase classname="tests.test_cms_extended.TestExtendedCRUD" name="test_crud_full_cycle[lessons-body2]" time="0.547" /><testcase classname="tests.test_cms_extended.TestVisibilityFilter" name="test_inactive_hidden_from_public" time="0.391" /><testcase classname="tests.test_cms_extended.TestExtendedCRUD" name="test_crud_full_cycle[question_bank-body3]" time="1.356" /><testcase classname="tests.test_cms_extended.TestExtendedCRUD" name="test_crud_full_cycle[study_material_v2-body4]" time="0.551" /><testcase classname="tests.test_cms_extended.TestExtendedCRUD" name="test_crud_full_cycle[digital_notes-body5]" time="0.538" /><testcase classname="tests.test_cms_extended.TestExtendedCRUD" name="test_crud_full_cycle[previous_papers-body6]" time="0.592" /><testcase classname="tests.test_cms_extended.TestExtendedCRUD" name="test_crud_full_cycle[cms_app_pages-body7]" time="2.557" /><testcase classname="tests.test_cms_extended.TestExtendedCRUD" name="test_crud_full_cycle[banners_promo-body8]" time="5.780" /><testcase classname="tests.test_cms_extended.TestExtendedCRUD" name="test_crud_full_cycle[notifications-body9]" time="0.552" /><testcase classname="tests.test_cms_extended.TestExtendedCRUD" name="test_crud_full_cycle[results-body10]" time="0.500" /><testcase classname="tests.test_cms_extended.TestExtendedCRUD" name="test_crud_full_cycle[centres_v2-body11]" time="0.664" /></testsuite></testsuites>