<?xml version="1.0" encoding="utf-8"?><testsuites name="pytest tests"><testsuite name="pytest" errors="0" failures="0" skipped="0" tests="37" time="3.861" timestamp="2026-08-04T11:49:03.642854+00:00" hostname="agent-env-0a6a0f47-80cd-4b15-bdc1-94f0ce3ed56e"><testcase classname="tests.test_live_courses_module.TestCatalog" name="test_list_all" time="0.501" /><testcase classname="tests.test_live_courses_module.TestLiveClassroom" name="test_role_is_instructor" time="0.649" /><testcase classname="tests.test_live_courses_module.TestCatalog" name="test_filter_category_banking" time="0.079" /><testcase classname="tests.test_live_courses_module.TestCatalog" name="test_filter_exam_ibps_po" time="0.126" /><testcase classname="tests.test_live_courses_module.TestLiveClassroom" name="test_sessions_list" time="0.234" /><testcase classname="tests.test_live_courses_module.TestCatalog" name="test_filter_language_hindi" time="0.128" /><testcase classname="tests.test_live_courses_module.TestCatalog" name="test_sort_price_low" time="0.083" /><testcase classname="tests.test_live_courses_module.TestLiveClassroom" name="test_sessions_list_not_enrolled_403" time="0.185" /><testcase classname="tests.test_live_courses_module.TestCatalog" name="test_sort_price_high" time="0.078" /><testcase classname="tests.test_live_courses_module.TestCatalog" name="test_filters_endpoint" time="0.099" /><testcase classname="tests.test_live_courses_module.TestLiveClassroom" name="test_session_detail" time="0.091" /><testcase classname="tests.test_live_courses_module.TestCatalog" name="test_faculties_list" time="0.129" /><testcase classname="tests.test_live_courses_module.TestLiveClassroom" name="test_chat_history" time="0.065" /><testcase classname="tests.test_live_courses_module.TestLiveClassroom" name="test_hand_raise_toggle" time="0.162" /><testcase classname="tests.test_live_courses_module.TestCatalog" name="test_faculty_detail" time="0.183" /><testcase classname="tests.test_live_courses_module.TestLiveClassroom" name="test_hand_raises_list" time="0.103" /><testcase classname="tests.test_live_courses_module.TestCatalog" name="test_faculty_detail_404" time="0.151" /><testcase classname="tests.test_live_courses_module.TestLiveClassroom" name="test_poll_full_flow" time="0.469" /><testcase classname="tests.test_live_courses_module.TestCatalog" name="test_course_detail_public" time="0.077" /><testcase classname="tests.test_live_courses_module.TestEnrollment" name="test_pay_config" time="0.064" /><testcase classname="tests.test_live_courses_module.TestCatalog" name="test_course_detail_authed_enrolled" time="0.436" /><testcase classname="tests.test_live_courses_module.TestEnrollment" name="test_order_duplicate_enrolled" time="0.073" /><testcase classname="tests.test_live_courses_module.TestCatalog" name="test_course_detail_404" time="0.686" /><testcase classname="tests.test_live_courses_module.TestEnrollment" name="test_order_create_new_course" time="0.667" /><testcase classname="tests.test_live_courses_module.TestStudyMaterials" name="test_summary" time="0.048" /><testcase classname="tests.test_live_courses_module.TestEnrollment" name="test_free_enroll_idempotent" time="0.122" /><testcase classname="tests.test_live_courses_module.TestStudyMaterials" name="test_list_all" time="0.041" /><testcase classname="tests.test_live_courses_module.TestStudyMaterials" name="test_filter_by_subject" time="0.074" /><testcase classname="tests.test_live_courses_module.TestEnrollment" name="test_my_enrollments" time="0.170" /><testcase classname="tests.test_live_courses_module.TestStudyMaterials" name="test_material_detail_and_download_increment" time="0.111" /><testcase classname="tests.test_live_courses_module.TestWebSocket" name="test_ws_welcome_and_chat_echo" time="0.194" /><testcase classname="tests.test_live_courses_module.TestDashboard" name="test_dashboard_enrolled" time="0.067" /><testcase classname="tests.test_live_courses_module.TestDashboard" name="test_dashboard_not_enrolled_403" time="0.128" /><testcase classname="tests.test_live_courses_module.TestWebSocket" name="test_ws_reject_bad_token" time="0.125" /><testcase classname="tests.test_live_courses_module.TestDashboard" name="test_progress_patch_persists" time="0.174" /><testcase classname="tests.test_live_courses_module.TestAuth" name="test_login" time="0.001" /><testcase classname="tests.test_live_courses_module.TestAnalytics" name="test_analytics_payload" time="0.065" /></testsuite></testsuites>