<?xml version="1.0" encoding="utf-8"?><testsuites name="pytest tests"><testsuite name="pytest" errors="0" failures="0" skipped="0" tests="87" time="45.314" timestamp="2026-07-31T11:00:35.252693+00:00" hostname="agent-env-0a6a0f47-80cd-4b15-bdc1-94f0ce3ed56e"><testcase classname="tests.test_auth_flow.TestExistingEndpoints" name="test_endpoint_ok[/greeting]" time="0.223" /><testcase classname="tests.test_avision_api.TestContent" name="test_root" time="0.252" /><testcase classname="tests.test_auth_flow.TestExistingEndpoints" name="test_endpoint_ok[/exam-categories]" time="0.033" /><testcase classname="tests.test_avision_api.TestContent" name="test_greeting" time="0.035" /><testcase classname="tests.test_auth_flow.TestExistingEndpoints" name="test_endpoint_ok[/daily-quiz]" time="0.029" /><testcase classname="tests.test_auth_flow.TestExistingEndpoints" name="test_endpoint_ok[/current-affairs]" time="0.032" /><testcase classname="tests.test_avision_api.TestContent" name="test_quick_access" time="0.037" /><testcase classname="tests.test_auth_flow.TestExistingEndpoints" name="test_endpoint_ok[/leaderboard]" time="0.070" /><testcase classname="tests.test_avision_api.TestContent" name="test_exam_categories" time="0.042" /><testcase classname="tests.test_avision_api.TestContent" name="test_exam_detail_known" time="0.041" /><testcase classname="tests.test_auth_flow.TestExistingEndpoints" name="test_endpoint_ok[/profile]" time="0.074" /><testcase classname="tests.test_avision_api.TestContent" name="test_exam_detail_unknown_id_uses_default" time="0.039" /><testcase classname="tests.test_avision_api.TestContent" name="test_courses" time="0.041" /><testcase classname="tests.test_auth_flow.TestExistingEndpoints" name="test_endpoint_ok[/performance]" time="0.071" /><testcase classname="tests.test_avision_api.TestContent" name="test_course_detail" time="0.043" /><testcase classname="tests.test_avision_api.TestContent" name="test_course_detail_404" time="0.038" /><testcase classname="tests.test_auth_flow.TestExistingEndpoints" name="test_endpoint_ok[/mock-tests]" time="0.100" /><testcase classname="tests.test_avision_api.TestContent" name="test_live_classes" time="0.080" /><testcase classname="tests.test_auth_flow.TestExistingEndpoints" name="test_endpoint_ok[/courses]" time="0.041" /><testcase classname="tests.test_avision_api.TestContent" name="test_current_affairs" time="0.036" /><testcase classname="tests.test_auth_flow.TestExistingEndpoints" name="test_endpoint_ok[/live-classes]" time="0.070" /><testcase classname="tests.test_avision_api.TestContent" name="test_current_affairs_detail" time="0.039" /><testcase classname="tests.test_avision_api.TestContent" name="test_mock_tests" time="0.083" /><testcase classname="tests.test_auth_flow.TestExistingEndpoints" name="test_exam_detail" time="0.038" /><testcase classname="tests.test_auth_flow.TestExistingEndpoints" name="test_quiz_submit" time="0.077" /><testcase classname="tests.test_avision_api.TestContent" name="test_leaderboard" time="0.038" /><testcase classname="tests.test_avision_api.TestContent" name="test_profile" time="0.079" /><testcase classname="tests.test_avision_api.TestContent" name="test_performance" time="0.187" /><testcase classname="tests.test_auth_flow.TestExistingEndpoints" name="test_greeting_with_token" time="0.332" /><testcase classname="tests.test_categories_flow.TestAdminCategoryCRUD" name="test_create_category" time="0.130" /><testcase classname="tests.test_categories_flow.TestUpdateCategoryLanguage" name="test_update_category_auth_required" time="0.075" /><testcase classname="tests.test_categories_flow.TestAdminCategoryCRUD" name="test_update_category" time="0.315" /><testcase classname="tests.test_categories_flow.TestUpdateCategoryLanguage" name="test_update_category_success" time="0.377" /><testcase classname="tests.test_categories_flow.TestAdminCategoryCRUD" name="test_create_exam_valid_category" time="0.036" /><testcase classname="tests.test_categories_flow.TestAdminCategoryCRUD" name="test_create_exam_invalid_category" time="0.033" /><testcase classname="tests.test_categories_flow.TestAdminCategoryCRUD" name="test_update_exam" time="0.074" /><testcase classname="tests.test_categories_flow.TestUpdateCategoryLanguage" name="test_update_category_invalid" time="0.029" /><testcase classname="tests.test_categories_flow.TestUpdateCategoryLanguage" name="test_update_language_valid[en]" time="0.031" /><testcase classname="tests.test_categories_flow.TestUpdateCategoryLanguage" name="test_update_language_valid[hi]" time="0.073" /><testcase classname="tests.test_categories_flow.TestAdminCategoryCRUD" name="test_delete_exam" time="0.059" /><testcase classname="tests.test_categories_flow.TestAdminCategoryCRUD" name="test_delete_category_cascade" time="0.153" /><testcase classname="tests.test_categories_flow.TestUpdateCategoryLanguage" name="test_update_language_valid[bn]" time="0.029" /><testcase classname="tests.test_categories_flow.TestUpdateCategoryLanguage" name="test_update_language_invalid" time="0.030" /><testcase classname="tests.test_categories_flow.TestUpdateCategoryLanguage" name="test_update_language_auth_required" time="0.027" /><testcase classname="tests.test_categories_flow.TestAdminCategoryCRUD" name="test_update_nonexistent_category" time="0.072" /><testcase classname="tests.test_auth_flow.TestRegister" name="test_register_success" time="0.434" /><testcase classname="tests.test_auth_flow.TestLoginMeLogout" name="test_login_success" time="0.785" /><testcase classname="tests.test_auth_flow.TestRegister" name="test_register_invalid_course" time="0.222" /><testcase classname="tests.test_auth_flow.TestRegister" name="test_register_duplicate_email" time="0.519" /><testcase classname="tests.test_auth_flow.TestLoginMeLogout" name="test_login_wrong_password" time="0.480" /><testcase classname="tests.test_auth_flow.TestLoginMeLogout" name="test_me_with_token" time="0.042" /><testcase classname="tests.test_auth_flow.TestRegister" name="test_register_invalid_phone[12345]" time="0.074" /><testcase classname="tests.test_auth_flow.TestLoginMeLogout" name="test_me_without_token" time="0.208" /><testcase classname="tests.test_auth_flow.TestRegister" name="test_register_invalid_phone[5876543210]" time="0.031" /><testcase classname="tests.test_auth_flow.TestRegister" name="test_register_invalid_phone[98765432]" time="0.031" /><testcase classname="tests.test_auth_flow.TestRegister" name="test_register_invalid_phone[abcdefghij]" time="0.031" /><testcase classname="tests.test_categories_flow.TestExamCategoriesPublic" name="test_active_categories_returns_12" time="0.104" /><testcase classname="tests.test_auth_flow.TestLoginMeLogout" name="test_logout_revokes" time="0.431" /><testcase classname="tests.test_categories_flow.TestExamCategoriesPublic" name="test_search_law" time="0.256" /><testcase classname="tests.test_categories_flow.TestExamCategoriesPublic" name="test_search_bank_matches_banking" time="0.035" /><testcase classname="tests.test_categories_flow.TestExamCategoriesPublic" name="test_category_detail" time="0.071" /><testcase classname="tests.test_categories_flow.TestExamCategoriesPublic" name="test_category_detail_404" time="0.072" /><testcase classname="tests.test_avision_api.TestAI" name="test_ai_reset_initial" time="3.613" /><testcase classname="tests.test_avision_api.TestQuiz" name="test_daily_quiz_no_correct_leaked" time="0.073" /><testcase classname="tests.test_avision_api.TestQuiz" name="test_quiz_submit_all_correct" time="0.073" /><testcase classname="tests.test_avision_api.TestQuiz" name="test_quiz_submit_partial" time="0.037" /><testcase classname="tests.test_avision_api.TestQuiz" name="test_quiz_submit_invalid_id" time="0.031" /><testcase classname="tests.test_categories_flow.TestRegisterCategory" name="test_register_with_category_id" time="0.302" /><testcase classname="tests.test_categories_flow.TestRegisterCategory" name="test_register_backward_compat_course_id" time="0.295" /><testcase classname="tests.test_categories_flow.TestRegisterCategory" name="test_register_neither_category_nor_course" time="0.074" /><testcase classname="tests.test_categories_flow.TestRegisterCategory" name="test_register_invalid_category" time="0.063" /><testcase classname="tests.test_categories_flow.TestCategoryFilteredContent" name="test_courses_filter_banking" time="0.032" /><testcase classname="tests.test_categories_flow.TestCategoryFilteredContent" name="test_live_classes_filter_ssc" time="0.030" /><testcase classname="tests.test_categories_flow.TestCategoryFilteredContent" name="test_mock_tests_filter_law" time="0.027" /><testcase classname="tests.test_categories_flow.TestCategoryFilteredContent" name="test_courses_no_filter_returns_all" time="0.029" /><testcase classname="tests.test_auth_flow.TestPasswordReset" name="test_full_reset_flow" time="1.233" /><testcase classname="tests.test_auth_flow.TestPasswordReset" name="test_invalid_reset_token" time="0.034" /><testcase classname="tests.test_auth_flow.TestPasswordReset" name="test_forgot_password_unknown_email" time="0.029" /><testcase classname="tests.test_auth_flow.TestUpdateCourse" name="test_update_course_authenticated" time="0.397" /><testcase classname="tests.test_auth_flow.TestUpdateCourse" name="test_update_course_unauth" time="0.083" /><testcase classname="tests.test_auth_flow.TestUpdateCourse" name="test_update_course_invalid" time="0.037" /><testcase classname="tests.test_auth_flow.TestActiveCourses" name="test_active_courses" time="0.056" /><testcase classname="tests.test_auth_flow.TestRateLimit" name="test_lockout_after_5_failed" time="1.814" /><testcase classname="tests.test_avision_api.TestAI" name="test_ai_chat" time="2.650" /><testcase classname="tests.test_avision_api.TestAI" name="test_ai_history_after_chat" time="0.042" /><testcase classname="tests.test_avision_api.TestAI" name="test_ai_reset_clears" time="0.121" /><testcase classname="tests.test_avision_api.TestAI" name="test_study_planner" time="34.715" /></testsuite></testsuites>