<?xml version="1.0" encoding="utf-8"?><testsuites name="pytest tests"><testsuite name="pytest" errors="0" failures="1" skipped="0" tests="29" time="2.277" timestamp="2026-07-31T10:59:21.738635+00:00" hostname="agent-env-0a6a0f47-80cd-4b15-bdc1-94f0ce3ed56e"><testcase classname="tests.test_categories_flow.TestUpdateCategoryLanguage" name="test_update_category_auth_required" time="0.303" /><testcase classname="tests.test_categories_flow.TestAdminCategoryCRUD" name="test_create_category" time="0.290" /><testcase classname="tests.test_categories_flow.TestAdminCategoryCRUD" name="test_update_category" time="0.304" /><testcase classname="tests.test_categories_flow.TestAdminCategoryCRUD" name="test_create_exam_valid_category" time="0.038" /><testcase classname="tests.test_categories_flow.TestAdminCategoryCRUD" name="test_create_exam_invalid_category" time="0.038" /><testcase classname="tests.test_categories_flow.TestUpdateCategoryLanguage" name="test_update_category_success" time="0.468" /><testcase classname="tests.test_categories_flow.TestAdminCategoryCRUD" name="test_update_exam" time="0.037" /><testcase classname="tests.test_categories_flow.TestAdminCategoryCRUD" name="test_delete_exam" time="0.108" /><testcase classname="tests.test_categories_flow.TestUpdateCategoryLanguage" name="test_update_category_invalid" time="0.080" /><testcase classname="tests.test_categories_flow.TestAdminCategoryCRUD" name="test_delete_category_cascade" time="0.109" /><testcase classname="tests.test_categories_flow.TestUpdateCategoryLanguage" name="test_update_language_valid[en]" time="0.035" /><testcase classname="tests.test_categories_flow.TestUpdateCategoryLanguage" name="test_update_language_valid[hi]" time="0.077" /><testcase classname="tests.test_categories_flow.TestAdminCategoryCRUD" name="test_update_nonexistent_category" time="0.077" /><testcase classname="tests.test_categories_flow.TestUpdateCategoryLanguage" name="test_update_language_valid[bn]" time="0.078" /><testcase classname="tests.test_categories_flow.TestExamCategoriesPublic" name="test_active_categories_returns_12" time="0.045" /><testcase classname="tests.test_categories_flow.TestUpdateCategoryLanguage" name="test_update_language_invalid" time="0.036" /><testcase classname="tests.test_categories_flow.TestExamCategoriesPublic" name="test_search_law" time="0.039" /><testcase classname="tests.test_categories_flow.TestUpdateCategoryLanguage" name="test_update_language_auth_required" time="0.083" /><testcase classname="tests.test_categories_flow.TestExamCategoriesPublic" name="test_search_bank_matches_banking" time="0.041" /><testcase classname="tests.test_categories_flow.TestExamCategoriesPublic" name="test_category_detail" time="0.082"><failure message="assert '_id' not in '{&quot;id&quot;:&quot;law&quot;...3.296000&quot;}]}'&#10;  &#10;  '_id' is contained here:&#10;    {&quot;id&quot;:&quot;law&quot;,&quot;banner&quot;:&quot;https://images.unsplash.com/photo-1589829545856-d10d557cf95f?w=800&amp;q=80&quot;,&quot;color&quot;:&quot;#0B4DB8&quot;,&quot;created_at&quot;:&quot;2026-07-31T10:49:11.076000&quot;,&quot;description&quot;:&quot;CLAT, AILET, SLAT, LSAT, MH CET Law.&quot;,&quot;display_order&quot;:9,&quot;icon&quot;:&quot;hammer-outline&quot;,&quot;name&quot;:&quot;Law Entrance&quot;,&quot;slug&quot;:&quot;law&quot;,&quot;status&quot;:&quot;active&quot;,&quot;updated_at&quot;:&quot;2026-07-31T10:59:13.296000&quot;,&quot;exams&quot;:[{&quot;category_id&quot;:&quot;law&quot;,&quot;id&quot;:&quot;clat&quot;,&quot;created_at&quot;:&quot;2026-07-31T10:49:11.076000&quot;,&quot;display_order&quot;:1,&quot;name&quot;:&quot;CLAT&quot;,&quot;short&quot;:&quot;CLAT&quot;,&quot;slug&quot;:&quot;clat&quot;,&quot;status&quot;:&quot;active&quot;,&quot;updated_at&quot;:&quot;2026-07-31T10:59:13.296000&quot;},{&quot;category_id&quot;:&quot;law&quot;,&quot;...&#10;  &#10;  ...Full output truncated (2 lines hidden), use '-vv' to show">backend/tests/test_categories_flow.py:78: in test_category_detail
    assert "_id" not in r.text
E   assert '_id' not in '{"id":"law"...3.296000"}]}'
E     
E     '_id' is contained here:
E       {"id":"law","banner":"https://images.unsplash.com/photo-1589829545856-d10d557cf95f?w=800&amp;q=80","color":"#0B4DB8","created_at":"2026-07-31T10:49:11.076000","description":"CLAT, AILET, SLAT, LSAT, MH CET Law.","display_order":9,"icon":"hammer-outline","name":"Law Entrance","slug":"law","status":"active","updated_at":"2026-07-31T10:59:13.296000","exams":[{"category_id":"law","id":"clat","created_at":"2026-07-31T10:49:11.076000","display_order":1,"name":"CLAT","short":"CLAT","slug":"clat","status":"active","updated_at":"2026-07-31T10:59:13.296000"},{"category_id":"law","...
E     
E     ...Full output truncated (2 lines hidden), use '-vv' to show</failure></testcase><testcase classname="tests.test_categories_flow.TestRegisterCategory" name="test_register_with_category_id" time="0.302" /><testcase classname="tests.test_categories_flow.TestExamCategoriesPublic" name="test_category_detail_404" time="0.187" /><testcase classname="tests.test_categories_flow.TestCategoryFilteredContent" name="test_courses_filter_banking" time="0.077" /><testcase classname="tests.test_categories_flow.TestRegisterCategory" name="test_register_backward_compat_course_id" time="0.267" /><testcase classname="tests.test_categories_flow.TestCategoryFilteredContent" name="test_live_classes_filter_ssc" time="0.232" /><testcase classname="tests.test_categories_flow.TestRegisterCategory" name="test_register_neither_category_nor_course" time="0.035" /><testcase classname="tests.test_categories_flow.TestCategoryFilteredContent" name="test_mock_tests_filter_law" time="0.077" /><testcase classname="tests.test_categories_flow.TestRegisterCategory" name="test_register_invalid_category" time="0.039" /><testcase classname="tests.test_categories_flow.TestCategoryFilteredContent" name="test_courses_no_filter_returns_all" time="0.036" /></testsuite></testsuites>