<?xml version="1.0" encoding="utf-8"?><testsuites name="pytest tests"><testsuite name="pytest" errors="0" failures="0" skipped="0" tests="39" time="2.810" timestamp="2026-08-04T14:23:49.294994+00:00" hostname="agent-env-0a6a0f47-80cd-4b15-bdc1-94f0ce3ed56e"><testcase classname="tests.test_foundation_phase1a.TestProducts" name="test_types" time="0.144" /><testcase classname="tests.test_foundation_phase1a.TestProducts" name="test_list_all" time="0.040" /><testcase classname="tests.test_foundation_phase1a.TestProducts" name="test_list_by_type_counts[video_course-8]" time="0.228" /><testcase classname="tests.test_foundation_phase1a.TestProducts" name="test_list_by_type_counts[live_course-8]" time="0.038" /><testcase classname="tests.test_foundation_phase1a.TestAdmin" name="test_dashboard_admin" time="0.516" /><testcase classname="tests.test_foundation_phase1a.TestProducts" name="test_list_by_type_counts[test_series-5]" time="0.039" /><testcase classname="tests.test_foundation_phase1a.TestProducts" name="test_list_by_type_counts[booster-9]" time="0.041" /><testcase classname="tests.test_foundation_phase1a.TestProducts" name="test_list_by_type_counts[magazine-5]" time="0.252" /><testcase classname="tests.test_foundation_phase1a.TestProducts" name="test_detail_no_auth_access_false" time="0.043" /><testcase classname="tests.test_foundation_phase1a.TestAdmin" name="test_dashboard_non_admin_403" time="0.354" /><testcase classname="tests.test_foundation_phase1a.TestAdmin" name="test_students_pagination_and_search" time="0.277" /><testcase classname="tests.test_foundation_phase1a.TestProducts" name="test_detail_with_enrolled_auth_access_true" time="0.348" /><testcase classname="tests.test_foundation_phase1a.TestProducts" name="test_detail_404" time="0.037" /><testcase classname="tests.test_foundation_phase1a.TestLegacyRegression" name="test_live_courses_list" time="0.035" /><testcase classname="tests.test_foundation_phase1a.TestAdmin" name="test_students_detail" time="0.135" /><testcase classname="tests.test_foundation_phase1a.TestLegacyRegression" name="test_live_courses_detail" time="0.038" /><testcase classname="tests.test_foundation_phase1a.TestAdmin" name="test_patch_product_admin" time="0.052" /><testcase classname="tests.test_foundation_phase1a.TestLegacyRegression" name="test_video_courses_list" time="0.038" /><testcase classname="tests.test_foundation_phase1a.TestLegacyRegression" name="test_video_courses_detail" time="0.038" /><testcase classname="tests.test_foundation_phase1a.TestAdmin" name="test_patch_product_non_admin_403" time="0.042" /><testcase classname="tests.test_foundation_phase1a.TestLegacyRegression" name="test_video_courses_coupon_validate" time="0.081" /><testcase classname="tests.test_foundation_phase1a.TestAdmin" name="test_admin_enroll_creates_order_payment_entitlement" time="0.096" /><testcase classname="tests.test_foundation_phase1a.TestLegacyRegression" name="test_test_prime_plans" time="0.078" /><testcase classname="tests.test_foundation_phase1a.TestAdmin" name="test_admin_enroll_bad_product_404" time="0.039" /><testcase classname="tests.test_foundation_phase1a.TestAdmin" name="test_admin_enroll_missing_fields_400" time="0.085" /><testcase classname="tests.test_foundation_phase1a.TestLegacyRegression" name="test_ai_doubt_endpoint_reachable" time="0.036" /><testcase classname="tests.test_foundation_phase1a.TestFaculty" name="test_list" time="0.042" /><testcase classname="tests.test_foundation_phase1a.TestAdmin" name="test_centres_create_and_list" time="0.084" /><testcase classname="tests.test_foundation_phase1a.TestFaculty" name="test_detail" time="0.082" /><testcase classname="tests.test_foundation_phase1a.TestAdmin" name="test_centres_no_name_400" time="0.054" /><testcase classname="tests.test_foundation_phase1a.TestFaculty" name="test_detail_404" time="0.047" /><testcase classname="tests.test_foundation_phase1a.TestAdmin" name="test_set_roles_valid" time="0.297" /><testcase classname="tests.test_foundation_phase1a.TestAuthExtensions" name="test_register_attaches_avision_id_and_roles" time="0.260" /><testcase classname="tests.test_foundation_phase1a.TestAuthExtensions" name="test_me_reflects_extensions" time="0.079" /><testcase classname="tests.test_foundation_phase1a.TestAdmin" name="test_set_roles_invalid_body" time="0.099" /><testcase classname="tests.test_foundation_phase1a.TestAuthExtensions" name="test_admin_login_has_admin_role" time="0.264" /><testcase classname="tests.test_foundation_phase1a.TestAdmin" name="test_self_demote_last_admin_blocked" time="0.245" /><testcase classname="tests.test_foundation_phase1a.TestEntitlements" name="test_mine_admin_user" time="0.053" /><testcase classname="tests.test_foundation_phase1a.TestEntitlements" name="test_mine_requires_auth" time="0.037" /></testsuite></testsuites>