<?xml version="1.0" encoding="utf-8"?><testsuites name="pytest tests"><testsuite name="pytest" errors="0" failures="0" skipped="0" tests="25" time="34.122" timestamp="2026-07-30T07:07:29.018211+00:00" hostname="agent-env-0a6a0f47-80cd-4b15-bdc1-94f0ce3ed56e"><testcase classname="tests.test_avision_api.TestAI" name="test_ai_reset_initial" time="0.306" /><testcase classname="tests.test_avision_api.TestContent" name="test_root" time="0.333" /><testcase classname="tests.test_avision_api.TestAI" name="test_ai_chat" time="3.051" /><testcase classname="tests.test_avision_api.TestContent" name="test_greeting" time="0.108" /><testcase classname="tests.test_avision_api.TestContent" name="test_quick_access" time="0.039" /><testcase classname="tests.test_avision_api.TestContent" name="test_exam_categories" time="0.043" /><testcase classname="tests.test_avision_api.TestContent" name="test_exam_detail_known" time="0.040" /><testcase classname="tests.test_avision_api.TestContent" name="test_exam_detail_unknown_id_uses_default" time="0.040" /><testcase classname="tests.test_avision_api.TestContent" name="test_courses" time="0.068" /><testcase classname="tests.test_avision_api.TestContent" name="test_course_detail" time="0.038" /><testcase classname="tests.test_avision_api.TestContent" name="test_course_detail_404" time="0.038" /><testcase classname="tests.test_avision_api.TestContent" name="test_live_classes" time="0.081" /><testcase classname="tests.test_avision_api.TestContent" name="test_current_affairs" time="0.036" /><testcase classname="tests.test_avision_api.TestContent" name="test_current_affairs_detail" time="0.042" /><testcase classname="tests.test_avision_api.TestContent" name="test_mock_tests" time="0.041" /><testcase classname="tests.test_avision_api.TestContent" name="test_leaderboard" time="0.038" /><testcase classname="tests.test_avision_api.TestContent" name="test_profile" time="0.040" /><testcase classname="tests.test_avision_api.TestContent" name="test_performance" time="0.042" /><testcase classname="tests.test_avision_api.TestQuiz" name="test_daily_quiz_no_correct_leaked" time="0.038" /><testcase classname="tests.test_avision_api.TestQuiz" name="test_quiz_submit_all_correct" time="0.046" /><testcase classname="tests.test_avision_api.TestQuiz" name="test_quiz_submit_partial" time="0.034" /><testcase classname="tests.test_avision_api.TestQuiz" name="test_quiz_submit_invalid_id" time="0.078" /><testcase classname="tests.test_avision_api.TestAI" name="test_ai_history_after_chat" time="0.074" /><testcase classname="tests.test_avision_api.TestAI" name="test_ai_reset_clears" time="0.142" /><testcase classname="tests.test_avision_api.TestAI" name="test_study_planner" time="30.187" /></testsuite></testsuites>