<?xml version="1.0" encoding="utf-8"?><testsuites name="pytest tests"><testsuite name="pytest" errors="0" failures="0" skipped="0" tests="33" time="5.639" timestamp="2026-07-31T06:31:19.345796+00:00" hostname="agent-env-0a6a0f47-80cd-4b15-bdc1-94f0ce3ed56e"><testcase classname="tests.test_auth_flow.TestRegister" name="test_register_success" time="0.380" /><testcase classname="tests.test_auth_flow.TestExistingEndpoints" name="test_endpoint_ok[/greeting]" time="0.147" /><testcase classname="tests.test_auth_flow.TestExistingEndpoints" name="test_endpoint_ok[/exam-categories]" time="0.231" /><testcase classname="tests.test_auth_flow.TestExistingEndpoints" name="test_endpoint_ok[/daily-quiz]" time="0.041" /><testcase classname="tests.test_auth_flow.TestRegister" name="test_register_invalid_course" time="0.076" /><testcase classname="tests.test_auth_flow.TestExistingEndpoints" name="test_endpoint_ok[/current-affairs]" time="0.049" /><testcase classname="tests.test_auth_flow.TestRegister" name="test_register_duplicate_email" time="0.352" /><testcase classname="tests.test_auth_flow.TestExistingEndpoints" name="test_endpoint_ok[/leaderboard]" time="0.251" /><testcase classname="tests.test_auth_flow.TestExistingEndpoints" name="test_endpoint_ok[/profile]" time="0.077" /><testcase classname="tests.test_auth_flow.TestExistingEndpoints" name="test_endpoint_ok[/performance]" time="0.080" /><testcase classname="tests.test_auth_flow.TestRegister" name="test_register_invalid_phone[12345]" time="0.046" /><testcase classname="tests.test_auth_flow.TestRegister" name="test_register_invalid_phone[5876543210]" time="0.078" /><testcase classname="tests.test_auth_flow.TestExistingEndpoints" name="test_endpoint_ok[/mock-tests]" time="0.036" /><testcase classname="tests.test_auth_flow.TestExistingEndpoints" name="test_endpoint_ok[/courses]" time="0.035" /><testcase classname="tests.test_auth_flow.TestRegister" name="test_register_invalid_phone[98765432]" time="0.081" /><testcase classname="tests.test_auth_flow.TestExistingEndpoints" name="test_endpoint_ok[/live-classes]" time="0.041" /><testcase classname="tests.test_auth_flow.TestExistingEndpoints" name="test_exam_detail" time="0.040" /><testcase classname="tests.test_auth_flow.TestRegister" name="test_register_invalid_phone[abcdefghij]" time="0.129" /><testcase classname="tests.test_auth_flow.TestExistingEndpoints" name="test_quiz_submit" time="0.413" /><testcase classname="tests.test_auth_flow.TestLoginMeLogout" name="test_login_success" time="0.556" /><testcase classname="tests.test_auth_flow.TestLoginMeLogout" name="test_login_wrong_password" time="0.444" /><testcase classname="tests.test_auth_flow.TestExistingEndpoints" name="test_greeting_with_token" time="0.701" /><testcase classname="tests.test_auth_flow.TestLoginMeLogout" name="test_me_with_token" time="0.074" /><testcase classname="tests.test_auth_flow.TestPasswordReset" name="test_full_reset_flow" time="1.367" /><testcase classname="tests.test_auth_flow.TestLoginMeLogout" name="test_me_without_token" time="0.181" /><testcase classname="tests.test_auth_flow.TestLoginMeLogout" name="test_logout_revokes" time="0.627" /><testcase classname="tests.test_auth_flow.TestUpdateCourse" name="test_update_course_authenticated" time="0.264" /><testcase classname="tests.test_auth_flow.TestUpdateCourse" name="test_update_course_unauth" time="0.219" /><testcase classname="tests.test_auth_flow.TestUpdateCourse" name="test_update_course_invalid" time="0.078" /><testcase classname="tests.test_auth_flow.TestPasswordReset" name="test_invalid_reset_token" time="0.077" /><testcase classname="tests.test_auth_flow.TestActiveCourses" name="test_active_courses" time="0.036" /><testcase classname="tests.test_auth_flow.TestPasswordReset" name="test_forgot_password_unknown_email" time="0.083" /><testcase classname="tests.test_auth_flow.TestRateLimit" name="test_lockout_after_5_failed" time="1.647" /></testsuite></testsuites>