<?xml version="1.0" encoding="utf-8"?><testsuites name="pytest tests"><testsuite name="pytest" errors="0" failures="0" skipped="0" tests="14" time="27.762" timestamp="2026-08-04T12:13:56.131215+00:00" hostname="agent-env-0a6a0f47-80cd-4b15-bdc1-94f0ce3ed56e"><testcase classname="tests.test_ai_doubt.TestCreateThread" name="test_create_thread_without_initial" time="0.476" /><testcase classname="tests.test_ai_doubt.TestCreateThread" name="test_create_thread_default_subject" time="0.086" /><testcase classname="tests.test_ai_doubt.TestCreateThread" name="test_create_thread_with_initial_message" time="4.734" /><testcase classname="tests.test_ai_doubt.TestListThreads" name="test_list_threads_ordered_desc" time="0.714" /><testcase classname="tests.test_ai_doubt.TestSendMessage" name="test_send_text_message" time="5.640" /><testcase classname="tests.test_ai_doubt.TestSendMessage" name="test_multi_turn_context" time="2.060" /><testcase classname="tests.test_ai_doubt.TestSendMessage" name="test_send_requires_message_or_image" time="0.051" /><testcase classname="tests.test_ai_doubt.TestSendMessage" name="test_thread_state_after_messages" time="0.122" /><testcase classname="tests.test_ai_doubt.TestImageMessage" name="test_send_image_only" time="4.267" /><testcase classname="tests.test_ai_doubt.TestStreaming" name="test_stream_endpoint" time="5.793" /><testcase classname="tests.test_ai_doubt.TestDelete" name="test_delete_thread_cascades" time="2.889" /><testcase classname="tests.test_ai_doubt.TestDelete" name="test_delete_missing_thread_404" time="0.040" /><testcase classname="tests.test_ai_doubt.TestCrossUserIsolation" name="test_user_b_cannot_read_user_a_thread" time="0.607" /><testcase classname="tests.test_ai_doubt.TestCrossUserIsolation" name="test_user_b_list_excludes_user_a" time="0.188" /></testsuite></testsuites>