<?xml version="1.0" encoding="utf-8"?><testsuites name="pytest tests"><testsuite name="pytest" errors="0" failures="0" skipped="0" tests="9" time="1.413" timestamp="2026-08-04T14:04:27.398241+00:00" hostname="agent-env-0a6a0f47-80cd-4b15-bdc1-94f0ce3ed56e"><testcase classname="tests.test_video_courses_phase23.TestCurriculumEnriched" name="test_every_chapter_has_lectures_with_video_url" time="0.675" /><testcase classname="tests.test_video_courses_phase23.TestLectureDetail" name="test_lecture_detail_first_lecture" time="0.116" /><testcase classname="tests.test_video_courses_phase23.TestLectureDetail" name="test_lecture_404_for_unknown" time="0.047" /><testcase classname="tests.test_video_courses_phase23.TestProgressUpsert" name="test_first_progress_upsert" time="0.094" /><testcase classname="tests.test_video_courses_phase23.TestProgressUpsert" name="test_cumulative_watch_seconds" time="0.135" /><testcase classname="tests.test_video_courses_phase23.TestProgressUpsert" name="test_mark_completed" time="0.099" /><testcase classname="tests.test_video_courses_phase23.TestProgressGet" name="test_progress_overview_shape" time="0.085" /><testcase classname="tests.test_video_courses_phase23.TestProgressGet" name="test_progress_forbidden_without_enrollment" time="0.044" /><testcase classname="tests.test_video_courses_phase23.TestAnalytics" name="test_analytics_shape" time="0.040" /></testsuite></testsuites>