<?xml version="1.0" encoding="utf-8"?><testsuites name="pytest tests"><testsuite name="pytest" errors="0" failures="0" skipped="0" tests="16" time="1.445" timestamp="2026-07-31T13:10:44.633531+00:00" hostname="agent-env-0a6a0f47-80cd-4b15-bdc1-94f0ce3ed56e"><testcase classname="tests.test_home_extras.TestDailyChallengeSubmit" name="test_submit_no_user_full_correct" time="0.278" /><testcase classname="tests.test_home_extras.TestJobAlerts" name="test_list_all" time="0.289" /><testcase classname="tests.test_home_extras.TestDailyChallengeSubmit" name="test_submit_partial" time="0.036" /><testcase classname="tests.test_home_extras.TestJobAlerts" name="test_list_banking" time="0.071" /><testcase classname="tests.test_home_extras.TestDailyChallengeSubmit" name="test_submit_unknown_subject" time="0.036" /><testcase classname="tests.test_home_extras.TestJobAlerts" name="test_list_limit" time="0.248" /><testcase classname="tests.test_home_extras.TestJobAlerts" name="test_detail_ok" time="0.073" /><testcase classname="tests.test_home_extras.TestDailyChallengeSubmit" name="test_submit_with_user_and_dedupe" time="0.558" /><testcase classname="tests.test_home_extras.TestJobAlerts" name="test_detail_404" time="0.033" /><testcase classname="tests.test_home_extras.TestBanners" name="test_banners_all" time="0.072" /><testcase classname="tests.test_home_extras.TestBanners" name="test_banners_by_banking" time="0.075" /><testcase classname="tests.test_home_extras.TestCurrentAffairsLatest" name="test_latest_default" time="0.079" /><testcase classname="tests.test_home_extras.TestDailyChallenges" name="test_list_default" time="0.071" /><testcase classname="tests.test_home_extras.TestCurrentAffairsLatest" name="test_latest_by_category" time="0.029" /><testcase classname="tests.test_home_extras.TestDailyChallenges" name="test_detail_no_leak" time="0.070" /><testcase classname="tests.test_home_extras.TestDailyChallenges" name="test_detail_404" time="0.033" /></testsuite></testsuites>