<?xml version="1.0" encoding="utf-8"?><testsuites name="pytest tests"><testsuite name="pytest" errors="0" failures="0" skipped="0" tests="12" time="1.629" timestamp="2026-08-05T11:20:17.477092+00:00" hostname="agent-env-0a6a0f47-80cd-4b15-bdc1-94f0ce3ed56e"><testcase classname="tests.test_test_prime_msq_tita_passage.TestEntitlementActivate" name="test_activate_prime" time="0.265" /><testcase classname="tests.test_test_prime_msq_tita_passage.TestClatFullFlow" name="test_01_activate_and_start" time="0.377" /><testcase classname="tests.test_test_prime_msq_tita_passage.TestIpmatTita" name="test_ipmat_indore_has_tita_in_sa" time="0.175" /><testcase classname="tests.test_test_prime_msq_tita_passage.TestClatFullFlow" name="test_02_q_type_field_on_every_question" time="0.000" /><testcase classname="tests.test_test_prime_msq_tita_passage.TestClatFullFlow" name="test_03_passage_mcq_present_with_passage" time="0.000" /><testcase classname="tests.test_test_prime_msq_tita_passage.TestClatFullFlow" name="test_04_bilingual_fields_present" time="0.000" /><testcase classname="tests.test_test_prime_msq_tita_passage.TestClatFullFlow" name="test_05_correct_and_explanation_stripped" time="0.000" /><testcase classname="tests.test_test_prime_msq_tita_passage.TestClatFullFlow" name="test_06_patch_state_mixed_types" time="0.094" /><testcase classname="tests.test_test_prime_msq_tita_passage.TestTitaNoNegativeIpmat" name="test_ipmat_tita_no_negative" time="0.301" /><testcase classname="tests.test_test_prime_msq_tita_passage.TestClatFullFlow" name="test_07_submit_and_review_shape" time="0.162" /><testcase classname="tests.test_test_prime_msq_tita_passage.TestClatFullFlow" name="test_08_analytics_endpoint_returns_submitted" time="0.058" /><testcase classname="tests.test_test_prime_msq_tita_passage.TestBackwardCompatSBI" name="test_sbi_po_start_and_submit" time="0.234" /></testsuite></testsuites>