<?xml version="1.0" encoding="utf-8"?><testsuites name="pytest tests"><testsuite name="pytest" errors="0" failures="0" skipped="0" tests="7" time="0.900" timestamp="2026-08-01T08:48:08.007949+00:00" hostname="agent-env-0a6a0f47-80cd-4b15-bdc1-94f0ce3ed56e"><testcase classname="tests.test_feed_and_home.TestFeed" name="test_feed_all" time="0.263" /><testcase classname="tests.test_feed_and_home.TestBannersJobsDC" name="test_banners_banking" time="0.328" /><testcase classname="tests.test_feed_and_home.TestFeed" name="test_feed_banking" time="0.036" /><testcase classname="tests.test_feed_and_home.TestFeed" name="test_feed_with_user_id" time="0.035" /><testcase classname="tests.test_feed_and_home.TestBannersJobsDC" name="test_job_alerts_banking_shape" time="0.037" /><testcase classname="tests.test_feed_and_home.TestBannersJobsDC" name="test_job_detail_full_shape" time="0.072" /><testcase classname="tests.test_feed_and_home.TestBannersJobsDC" name="test_daily_challenges_shape" time="0.071" /></testsuite></testsuites>