<?xml version="1.0" encoding="utf-8"?><testsuites name="pytest tests"><testsuite name="pytest" errors="0" failures="0" skipped="0" tests="24" time="3.784" timestamp="2026-08-05T05:52:48.332561+00:00" hostname="agent-env-0a6a0f47-80cd-4b15-bdc1-94f0ce3ed56e"><testcase classname="website.tests.test_portal_flow.TestAuthFlow" name="test_login_valid_sets_httponly_cookie" time="0.249" /><testcase classname="website.tests.test_portal_flow.TestAuthFlow" name="test_login_invalid_credentials" time="0.283" /><testcase classname="website.tests.test_portal_flow.TestAuthFlow" name="test_login_missing_fields" time="0.016" /><testcase classname="website.tests.test_portal_flow.TestAuthFlow" name="test_register_missing_fields_400" time="0.016" /><testcase classname="website.tests.test_portal_flow.TestAuthFlow" name="test_register_new_account_ok" time="0.245" /><testcase classname="website.tests.test_portal_flow.TestAuthFlow" name="test_logout_clears_cookie" time="0.300" /><testcase classname="website.tests.test_portal_flow.TestPortalProtection" name="test_portal_root_redirects_when_anon" time="0.010" /><testcase classname="website.tests.test_portal_flow.TestPortalProtection" name="test_portal_child_redirects_when_anon" time="0.009" /><testcase classname="website.tests.test_portal_flow.TestPortalProtection" name="test_portal_watch_redirects_when_anon" time="0.011" /><testcase classname="website.tests.test_portal_flow.TestPortalPages" name="test_dashboard_loads" time="0.170" /><testcase classname="website.tests.test_portal_flow.TestPortalPages" name="test_library_loads" time="0.143" /><testcase classname="website.tests.test_portal_flow.TestPortalPages" name="test_course_detail_curriculum" time="0.662" /><testcase classname="website.tests.test_portal_flow.TestPortalPages" name="test_watch_page_and_video" time="0.217" /><testcase classname="website.tests.test_portal_flow.TestPortalPages" name="test_tests_placeholder" time="0.130" /><testcase classname="website.tests.test_portal_flow.TestPortalPages" name="test_profile_page" time="0.129" /><testcase classname="website.tests.test_portal_flow.TestProgressProxy" name="test_progress_unauth_401" time="0.018" /><testcase classname="website.tests.test_portal_flow.TestProgressProxy" name="test_progress_missing_course_id" time="0.012" /><testcase classname="website.tests.test_portal_flow.TestProgressProxy" name="test_progress_authed_updates" time="0.021" /><testcase classname="website.tests.test_portal_flow.TestHeaderAuth" name="test_header_anonymous" time="0.171" /><testcase classname="website.tests.test_portal_flow.TestHeaderAuth" name="test_header_authed" time="0.153" /><testcase classname="website.tests.test_portal_flow.TestWebsiteRegression" name="test_home_200" time="0.155" /><testcase classname="website.tests.test_portal_flow.TestWebsiteRegression" name="test_course_detail_200" time="0.112" /><testcase classname="website.tests.test_portal_flow.TestBackendSpotCheck" name="test_backend_login_direct" time="0.227" /><testcase classname="website.tests.test_portal_flow.TestBackendSpotCheck" name="test_backend_progress_endpoint_exists" time="0.234" /></testsuite></testsuites>