<?xml version="1.0" encoding="utf-8"?><testsuites name="pytest tests"><testsuite name="pytest" errors="0" failures="0" skipped="0" tests="21" time="2.650" timestamp="2026-08-04T13:36:30.223402+00:00" hostname="agent-env-0a6a0f47-80cd-4b15-bdc1-94f0ce3ed56e"><testcase classname="tests.test_video_courses_module.TestCatalog" name="test_list_banking" time="0.535" /><testcase classname="tests.test_video_courses_module.TestCatalog" name="test_list_ssc" time="0.118" /><testcase classname="tests.test_video_courses_module.TestEnrollment" name="test_free_enroll_creates_or_returns" time="0.702" /><testcase classname="tests.test_video_courses_module.TestCatalog" name="test_sort_price_low" time="0.107" /><testcase classname="tests.test_video_courses_module.TestEnrollment" name="test_free_enroll_idempotent" time="0.124" /><testcase classname="tests.test_video_courses_module.TestCatalog" name="test_sort_price_high" time="0.157" /><testcase classname="tests.test_video_courses_module.TestEnrollment" name="test_my_enrollments" time="0.053" /><testcase classname="tests.test_video_courses_module.TestEnrollment" name="test_continue_learning" time="0.046" /><testcase classname="tests.test_video_courses_module.TestEnrollment" name="test_detail_shows_enrolled_true" time="0.047" /><testcase classname="tests.test_video_courses_module.TestPay" name="test_pay_config" time="0.290" /><testcase classname="tests.test_video_courses_module.TestCoupons" name="test_avision25_capped" time="1.023" /><testcase classname="tests.test_video_courses_module.TestPay" name="test_order_rejected_when_enrolled" time="0.044" /><testcase classname="tests.test_video_courses_module.TestPay" name="test_order_create_with_coupon" time="0.629" /><testcase classname="tests.test_video_courses_module.TestPay" name="test_order_404_bad_course" time="0.047" /><testcase classname="tests.test_video_courses_module.TestCoupons" name="test_avision25_hits_cap" time="0.040" /><testcase classname="tests.test_video_courses_module.TestCoupons" name="test_invalid_coupon" time="0.051" /><testcase classname="tests.test_video_courses_module.TestCourseDetail" name="test_detail_public" time="0.089" /><testcase classname="tests.test_video_courses_module.TestCoupons" name="test_coupon_auth_required" time="0.109" /><testcase classname="tests.test_video_courses_module.TestCourseDetail" name="test_detail_authed_is_enrolled_boolean" time="0.042" /><testcase classname="tests.test_video_courses_module.TestCourseDetail" name="test_detail_404" time="0.103" /><testcase classname="tests.test_video_courses_module.TestCategories" name="test_list_categories" time="0.125" /></testsuite></testsuites>