<?xml version="1.0" encoding="utf-8"?><testsuites name="pytest tests"><testsuite name="pytest" errors="0" failures="0" skipped="0" tests="27" time="4.894" timestamp="2026-08-04T15:57:18.754948+00:00" hostname="agent-env-0a6a0f47-80cd-4b15-bdc1-94f0ce3ed56e"><testcase classname="tests.test_cms_suite.TestEntities" name="test_entities_index" time="0.746" /><testcase classname="tests.test_cms_suite.TestReports" name="test_report_returns_200[students]" time="0.850" /><testcase classname="tests.test_cms_suite.TestEntities" name="test_crud[subjects-body0]" time="0.399" /><testcase classname="tests.test_cms_suite.TestReports" name="test_report_returns_200[product_sales]" time="0.089" /><testcase classname="tests.test_cms_suite.TestReports" name="test_report_returns_200[revenue]" time="0.087" /><testcase classname="tests.test_cms_suite.TestReports" name="test_report_returns_200[orders_report]" time="0.085" /><testcase classname="tests.test_cms_suite.TestReports" name="test_report_returns_200[payments_report]" time="0.091" /><testcase classname="tests.test_cms_suite.TestEntities" name="test_crud[chapters-body1]" time="0.387" /><testcase classname="tests.test_cms_suite.TestReports" name="test_report_returns_200[course_performance]" time="0.100" /><testcase classname="tests.test_cms_suite.TestReports" name="test_report_returns_200[test_performance]" time="0.078" /><testcase classname="tests.test_cms_suite.TestReports" name="test_report_returns_200[engagement]" time="0.083" /><testcase classname="tests.test_cms_suite.TestReports" name="test_report_returns_200[learning_progress]" time="0.086" /><testcase classname="tests.test_cms_suite.TestEntities" name="test_crud[faqs-body2]" time="0.382" /><testcase classname="tests.test_cms_suite.TestReports" name="test_report_returns_200[centre_wise]" time="0.080" /><testcase classname="tests.test_cms_suite.TestReports" name="test_report_returns_200[franchise_wise]" time="0.089" /><testcase classname="tests.test_cms_suite.TestReports" name="test_report_index" time="0.083" /><testcase classname="tests.test_cms_suite.TestPublicCMS" name="test_testimonials_public" time="0.072" /><testcase classname="tests.test_cms_suite.TestPublicCMS" name="test_web_pages_public" time="0.082" /><testcase classname="tests.test_cms_suite.TestEntities" name="test_crud[testimonials-body3]" time="0.580" /><testcase classname="tests.test_cms_suite.TestPublicCMS" name="test_question_bank_not_public" time="0.129" /><testcase classname="tests.test_cms_suite.TestAuthGuards" name="test_no_auth_403" time="0.083" /><testcase classname="tests.test_cms_suite.TestAuthGuards" name="test_non_admin_403" time="0.503" /><testcase classname="tests.test_cms_suite.TestEntities" name="test_crud[banners_home-body4]" time="0.808" /><testcase classname="tests.test_golden_path" name="test_golden_path_acceptance" time="1.603" /><testcase classname="tests.test_cms_suite.TestEntities" name="test_crud[current_affairs-body5]" time="0.436" /><testcase classname="tests.test_cms_suite.TestEntities" name="test_crud[franchises-body6]" time="0.400" /><testcase classname="tests.test_cms_suite.TestEntities" name="test_crud[cms_web_pages-body7]" time="0.379" /></testsuite></testsuites>